week3/DBTest01_sample (1)/DBTest01_sample/app/build/intermediates/manifest_merge_blame_file/debug/manifest-merger-blame-debug-report.txt
1<?xml version="1.0" encoding="utf-8"?>
2<manifest xmlns:android="http://schemas.android.com/apk/res/android"
3    package="mobile.example.dbtest"
4    android:versionCode="1"
5    android:versionName="1.0" >
6
7    <uses-sdk
8        android:minSdkVersion="26"
8-->src\main\AndroidManifest.xml
9        android:targetSdkVersion="29" />
9-->src\main\AndroidManifest.xml
10
11    <application
11-->src\main\AndroidManifest.xml:8:5-34:19
12        android:allowBackup="true"
12-->src\main\AndroidManifest.xml:9:9-35
13        android:appComponentFactory="androidx.core.app.CoreComponentFactory"
13-->[androidx.core:core:1.5.0] AndroidManifest.xml:24:18-86
14        android:debuggable="true"
15        android:extractNativeLibs="false"
16        android:icon="@drawable/ic_launcher"
16-->src\main\AndroidManifest.xml:10:9-45
17        android:label="@string/app_name"
17-->src\main\AndroidManifest.xml:11:9-41
18        android:testOnly="true"
19        android:theme="@style/AppTheme" >
19-->src\main\AndroidManifest.xml:12:9-40
20        <activity
20-->src\main\AndroidManifest.xml:13:9-21:20
21            android:name="mobile.example.dbtest.MainActivity"
21-->src\main\AndroidManifest.xml:14:13-62
22            android:label="@string/app_name" >
22-->src\main\AndroidManifest.xml:15:13-45
23            <intent-filter>
23-->src\main\AndroidManifest.xml:16:13-20:29
24                <action android:name="android.intent.action.MAIN" />
24-->src\main\AndroidManifest.xml:17:17-69
24-->src\main\AndroidManifest.xml:17:25-66
25
26                <category android:name="android.intent.category.LAUNCHER" />
26-->src\main\AndroidManifest.xml:19:17-77
26-->src\main\AndroidManifest.xml:19:27-74
27            </intent-filter>
28        </activity>
29        <activity
29-->src\main\AndroidManifest.xml:22:9-25:20
30            android:name="mobile.example.dbtest.InsertContactActivity"
30-->src\main\AndroidManifest.xml:23:13-71
31            android:label="@string/title_activity_insert_contact" >
31-->src\main\AndroidManifest.xml:24:13-66
32        </activity>
33        <activity
33-->src\main\AndroidManifest.xml:26:9-29:20
34            android:name="mobile.example.dbtest.SearchContactActivity"
34-->src\main\AndroidManifest.xml:27:13-71
35            android:label="@string/title_activity_search_contact" >
35-->src\main\AndroidManifest.xml:28:13-66
36        </activity>
37        <activity
37-->src\main\AndroidManifest.xml:30:9-33:20
38            android:name="mobile.example.dbtest.AllContactsActivity"
38-->src\main\AndroidManifest.xml:31:13-69
39            android:label="@string/title_activity_all_contacts" >
39-->src\main\AndroidManifest.xml:32:13-64
40        </activity>
41
42        <service
42-->[androidx.room:room-runtime:2.4.3] AndroidManifest.xml:25:9-28:40
43            android:name="androidx.room.MultiInstanceInvalidationService"
43-->[androidx.room:room-runtime:2.4.3] AndroidManifest.xml:26:13-74
44            android:directBootAware="true"
44-->[androidx.room:room-runtime:2.4.3] AndroidManifest.xml:27:13-43
45            android:exported="false" />
45-->[androidx.room:room-runtime:2.4.3] AndroidManifest.xml:28:13-37
46    </application>
47
48</manifest>